C:\USERS\JóZEK\DESKTOP\PUZZLE_JOZEFWANTOCHREKOWSKI\PUZZLE_JOZEFWANTOCHREKOWSKI\PUZZLE_JOZEFWANTOCHREKOWSKI\DEBUG\MYFORM.OBJ
C:\USERS\JóZEK\DESKTOP\PUZZLE_JOZEFWANTOCHREKOWSKI\PUZZLE_JOZEFWANTOCHREKOWSKI\PUZZLE_JOZEFWANTOCHREKOWSKI\DEBUG\GRA.OBJ
C:\USERS\JóZEK\DESKTOP\PUZZLE_JOZEFWANTOCHREKOWSKI\PUZZLE_JOZEFWANTOCHREKOWSKI\PUZZLE_JOZEFWANTOCHREKOWSKI\DEBUG\ABOUT.OBJ
C:\USERS\JÓZEK\DESKTOP\PUZZLE_JOZEFWANTOCHREKOWSKI\PUZZLE_JOZEFWANTOCHREKOWSKI\PUZZLE_JOZEFWANTOCHREKOWSKI\DEBUG\VC110.PDB
C:\USERS\JóZEK\DESKTOP\PUZZLE_JOZEFWANTOCHREKOWSKI\PUZZLE_JOZEFWANTOCHREKOWSKI\PUZZLE_JOZEFWANTOCHREKOWSKI\DEBUG\PUZZLE.OBJ
C:\USERS\JóZEK\DESKTOP\PUZZLE_JOZEFWANTOCHREKOWSKI\PUZZLE_JOZEFWANTOCHREKOWSKI\PUZZLE_JOZEFWANTOCHREKOWSKI\DEBUG\BOARD.OBJ
C:\USERS\JóZEK\DESKTOP\PUZZLE_JOZEFWANTOCHREKOWSKI\PUZZLE_JOZEFWANTOCHREKOWSKI\PUZZLE_JOZEFWANTOCHREKOWSKI\DEBUG\.NETFRAMEWORK,VERSION=V4.0.ASSEMBLYATTRIBUTES.OBJ
C:\Users\Józek\Desktop\Puzzle_JozefWantochRekowski\Puzzle_JozefWantochRekowski\Puzzle_JozefWantochRekowski\Debug\Puzzle_JozefWantochRekowski.About.resources
C:\Users\Józek\Desktop\Puzzle_JozefWantochRekowski\Puzzle_JozefWantochRekowski\Puzzle_JozefWantochRekowski\Debug\Puzzle_JozefWantochRekowski.Board.resources
C:\Users\Józek\Desktop\Puzzle_JozefWantochRekowski\Puzzle_JozefWantochRekowski\Puzzle_JozefWantochRekowski\Debug\Puzzle_JozefWantochRekowski.Gra.resources
C:\Users\Józek\Desktop\Puzzle_JozefWantochRekowski\Puzzle_JozefWantochRekowski\Puzzle_JozefWantochRekowski\Debug\Puzzle_JozefWantochRekowski.MyForm.resources
C:\Users\Józek\Desktop\Puzzle_JozefWantochRekowski\Puzzle_JozefWantochRekowski\Puzzle_JozefWantochRekowski\Debug\Puzzle_JozefWantochRekowski.vcxproj.GenerateResource.Cache
C:\Users\Józek\Desktop\Puzzle_JozefWantochRekowski\Puzzle_JozefWantochRekowski\Puzzle_JozefWantochRekowski\Debug\Puzzle_JozefWantochRekowski.vcxprojResolveAssemblyReference.cache
C:\Users\Józek\Desktop\Puzzle_JozefWantochRekowski\Puzzle_JozefWantochRekowski\Puzzle_JozefWantochRekowski\Debug\.NETFramework,Version=v4.0.AssemblyAttributes.obj
C:\Users\Józek\Desktop\Puzzle_JozefWantochRekowski\Puzzle_JozefWantochRekowski\Puzzle_JozefWantochRekowski\Debug\About.obj
C:\Users\Józek\Desktop\Puzzle_JozefWantochRekowski\Puzzle_JozefWantochRekowski\Puzzle_JozefWantochRekowski\Debug\Board.obj
C:\Users\Józek\Desktop\Puzzle_JozefWantochRekowski\Puzzle_JozefWantochRekowski\Puzzle_JozefWantochRekowski\Debug\Gra.obj
C:\Users\Józek\Desktop\Puzzle_JozefWantochRekowski\Puzzle_JozefWantochRekowski\Puzzle_JozefWantochRekowski\Debug\MyForm.obj
C:\Users\Józek\Desktop\Puzzle_JozefWantochRekowski\Puzzle_JozefWantochRekowski\Puzzle_JozefWantochRekowski\Debug\Puzzle.obj
C:\Users\Józek\Desktop\Puzzle_JozefWantochRekowski\Puzzle_JozefWantochRekowski\Puzzle_JozefWantochRekowski\Debug\cl.command.1.tlog
C:\Users\Józek\Desktop\Puzzle_JozefWantochRekowski\Puzzle_JozefWantochRekowski\Puzzle_JozefWantochRekowski\Debug\CL.read.1.tlog
C:\Users\Józek\Desktop\Puzzle_JozefWantochRekowski\Puzzle_JozefWantochRekowski\Puzzle_JozefWantochRekowski\Debug\CL.read.2.tlog
C:\Users\Józek\Desktop\Puzzle_JozefWantochRekowski\Puzzle_JozefWantochRekowski\Puzzle_JozefWantochRekowski\Debug\CL.write.1.tlog
C:\Users\Józek\Desktop\Puzzle_JozefWantochRekowski\Puzzle_JozefWantochRekowski\Puzzle_JozefWantochRekowski\Debug\link.21928-cvtres.read.1.tlog
C:\Users\Józek\Desktop\Puzzle_JozefWantochRekowski\Puzzle_JozefWantochRekowski\Puzzle_JozefWantochRekowski\Debug\link.21928-cvtres.write.1.tlog
C:\Users\Józek\Desktop\Puzzle_JozefWantochRekowski\Puzzle_JozefWantochRekowski\Puzzle_JozefWantochRekowski\Debug\link.21928-rc.read.1.tlog
C:\Users\Józek\Desktop\Puzzle_JozefWantochRekowski\Puzzle_JozefWantochRekowski\Puzzle_JozefWantochRekowski\Debug\link.21928-rc.write.1.tlog
C:\Users\Józek\Desktop\Puzzle_JozefWantochRekowski\Puzzle_JozefWantochRekowski\Puzzle_JozefWantochRekowski\Debug\link.21928.read.1.tlog
C:\Users\Józek\Desktop\Puzzle_JozefWantochRekowski\Puzzle_JozefWantochRekowski\Puzzle_JozefWantochRekowski\Debug\link.21928.read.2.tlog
C:\Users\Józek\Desktop\Puzzle_JozefWantochRekowski\Puzzle_JozefWantochRekowski\Puzzle_JozefWantochRekowski\Debug\link.21928.write.1.tlog
C:\Users\Józek\Desktop\Puzzle_JozefWantochRekowski\Puzzle_JozefWantochRekowski\Puzzle_JozefWantochRekowski\Debug\link.24292-cvtres.read.1.tlog
C:\Users\Józek\Desktop\Puzzle_JozefWantochRekowski\Puzzle_JozefWantochRekowski\Puzzle_JozefWantochRekowski\Debug\link.24292-cvtres.write.1.tlog
C:\Users\Józek\Desktop\Puzzle_JozefWantochRekowski\Puzzle_JozefWantochRekowski\Puzzle_JozefWantochRekowski\Debug\link.24292-rc.read.1.tlog
C:\Users\Józek\Desktop\Puzzle_JozefWantochRekowski\Puzzle_JozefWantochRekowski\Puzzle_JozefWantochRekowski\Debug\link.24292-rc.write.1.tlog
C:\Users\Józek\Desktop\Puzzle_JozefWantochRekowski\Puzzle_JozefWantochRekowski\Puzzle_JozefWantochRekowski\Debug\link.24292.read.1.tlog
C:\Users\Józek\Desktop\Puzzle_JozefWantochRekowski\Puzzle_JozefWantochRekowski\Puzzle_JozefWantochRekowski\Debug\link.24292.read.2.tlog
C:\Users\Józek\Desktop\Puzzle_JozefWantochRekowski\Puzzle_JozefWantochRekowski\Puzzle_JozefWantochRekowski\Debug\link.24292.write.1.tlog
C:\Users\Józek\Desktop\Puzzle_JozefWantochRekowski\Puzzle_JozefWantochRekowski\Puzzle_JozefWantochRekowski\Debug\link.26876-cvtres.read.1.tlog
C:\Users\Józek\Desktop\Puzzle_JozefWantochRekowski\Puzzle_JozefWantochRekowski\Puzzle_JozefWantochRekowski\Debug\link.26876-cvtres.write.1.tlog
C:\Users\Józek\Desktop\Puzzle_JozefWantochRekowski\Puzzle_JozefWantochRekowski\Puzzle_JozefWantochRekowski\Debug\link.26876-rc.read.1.tlog
C:\Users\Józek\Desktop\Puzzle_JozefWantochRekowski\Puzzle_JozefWantochRekowski\Puzzle_JozefWantochRekowski\Debug\link.26876-rc.write.1.tlog
C:\Users\Józek\Desktop\Puzzle_JozefWantochRekowski\Puzzle_JozefWantochRekowski\Puzzle_JozefWantochRekowski\Debug\link.26876.read.1.tlog
C:\Users\Józek\Desktop\Puzzle_JozefWantochRekowski\Puzzle_JozefWantochRekowski\Puzzle_JozefWantochRekowski\Debug\link.26876.read.2.tlog
C:\Users\Józek\Desktop\Puzzle_JozefWantochRekowski\Puzzle_JozefWantochRekowski\Puzzle_JozefWantochRekowski\Debug\link.26876.write.1.tlog
C:\Users\Józek\Desktop\Puzzle_JozefWantochRekowski\Puzzle_JozefWantochRekowski\Puzzle_JozefWantochRekowski\Debug\link.3600-cvtres.read.1.tlog
C:\Users\Józek\Desktop\Puzzle_JozefWantochRekowski\Puzzle_JozefWantochRekowski\Puzzle_JozefWantochRekowski\Debug\link.3600-cvtres.write.1.tlog
C:\Users\Józek\Desktop\Puzzle_JozefWantochRekowski\Puzzle_JozefWantochRekowski\Puzzle_JozefWantochRekowski\Debug\link.3600-rc.read.1.tlog
C:\Users\Józek\Desktop\Puzzle_JozefWantochRekowski\Puzzle_JozefWantochRekowski\Puzzle_JozefWantochRekowski\Debug\link.3600-rc.write.1.tlog
C:\Users\Józek\Desktop\Puzzle_JozefWantochRekowski\Puzzle_JozefWantochRekowski\Puzzle_JozefWantochRekowski\Debug\link.3600.read.1.tlog
C:\Users\Józek\Desktop\Puzzle_JozefWantochRekowski\Puzzle_JozefWantochRekowski\Puzzle_JozefWantochRekowski\Debug\link.3600.read.2.tlog
C:\Users\Józek\Desktop\Puzzle_JozefWantochRekowski\Puzzle_JozefWantochRekowski\Puzzle_JozefWantochRekowski\Debug\link.3600.write.1.tlog
C:\Users\Józek\Desktop\Puzzle_JozefWantochRekowski\Puzzle_JozefWantochRekowski\Puzzle_JozefWantochRekowski\Debug\link.43872-cvtres.read.1.tlog
C:\Users\Józek\Desktop\Puzzle_JozefWantochRekowski\Puzzle_JozefWantochRekowski\Puzzle_JozefWantochRekowski\Debug\link.43872-cvtres.write.1.tlog
C:\Users\Józek\Desktop\Puzzle_JozefWantochRekowski\Puzzle_JozefWantochRekowski\Puzzle_JozefWantochRekowski\Debug\link.43872-rc.read.1.tlog
C:\Users\Józek\Desktop\Puzzle_JozefWantochRekowski\Puzzle_JozefWantochRekowski\Puzzle_JozefWantochRekowski\Debug\link.43872-rc.write.1.tlog
C:\Users\Józek\Desktop\Puzzle_JozefWantochRekowski\Puzzle_JozefWantochRekowski\Puzzle_JozefWantochRekowski\Debug\link.43872.read.1.tlog
C:\Users\Józek\Desktop\Puzzle_JozefWantochRekowski\Puzzle_JozefWantochRekowski\Puzzle_JozefWantochRekowski\Debug\link.43872.read.2.tlog
C:\Users\Józek\Desktop\Puzzle_JozefWantochRekowski\Puzzle_JozefWantochRekowski\Puzzle_JozefWantochRekowski\Debug\link.43872.write.1.tlog
C:\Users\Józek\Desktop\Puzzle_JozefWantochRekowski\Puzzle_JozefWantochRekowski\Puzzle_JozefWantochRekowski\Debug\link.4888-cvtres.read.1.tlog
C:\Users\Józek\Desktop\Puzzle_JozefWantochRekowski\Puzzle_JozefWantochRekowski\Puzzle_JozefWantochRekowski\Debug\link.4888-cvtres.write.1.tlog
C:\Users\Józek\Desktop\Puzzle_JozefWantochRekowski\Puzzle_JozefWantochRekowski\Puzzle_JozefWantochRekowski\Debug\link.4888-rc.read.1.tlog
C:\Users\Józek\Desktop\Puzzle_JozefWantochRekowski\Puzzle_JozefWantochRekowski\Puzzle_JozefWantochRekowski\Debug\link.4888-rc.write.1.tlog
C:\Users\Józek\Desktop\Puzzle_JozefWantochRekowski\Puzzle_JozefWantochRekowski\Puzzle_JozefWantochRekowski\Debug\link.4888.read.1.tlog
C:\Users\Józek\Desktop\Puzzle_JozefWantochRekowski\Puzzle_JozefWantochRekowski\Puzzle_JozefWantochRekowski\Debug\link.4888.read.2.tlog
C:\Users\Józek\Desktop\Puzzle_JozefWantochRekowski\Puzzle_JozefWantochRekowski\Puzzle_JozefWantochRekowski\Debug\link.4888.write.1.tlog
C:\Users\Józek\Desktop\Puzzle_JozefWantochRekowski\Puzzle_JozefWantochRekowski\Puzzle_JozefWantochRekowski\Debug\link.52052-cvtres.read.1.tlog
C:\Users\Józek\Desktop\Puzzle_JozefWantochRekowski\Puzzle_JozefWantochRekowski\Puzzle_JozefWantochRekowski\Debug\link.52052-cvtres.write.1.tlog
C:\Users\Józek\Desktop\Puzzle_JozefWantochRekowski\Puzzle_JozefWantochRekowski\Puzzle_JozefWantochRekowski\Debug\link.52052-rc.read.1.tlog
C:\Users\Józek\Desktop\Puzzle_JozefWantochRekowski\Puzzle_JozefWantochRekowski\Puzzle_JozefWantochRekowski\Debug\link.52052-rc.write.1.tlog
C:\Users\Józek\Desktop\Puzzle_JozefWantochRekowski\Puzzle_JozefWantochRekowski\Puzzle_JozefWantochRekowski\Debug\link.52052.read.1.tlog
C:\Users\Józek\Desktop\Puzzle_JozefWantochRekowski\Puzzle_JozefWantochRekowski\Puzzle_JozefWantochRekowski\Debug\link.52052.read.2.tlog
C:\Users\Józek\Desktop\Puzzle_JozefWantochRekowski\Puzzle_JozefWantochRekowski\Puzzle_JozefWantochRekowski\Debug\link.52052.write.1.tlog
C:\Users\Józek\Desktop\Puzzle_JozefWantochRekowski\Puzzle_JozefWantochRekowski\Puzzle_JozefWantochRekowski\Debug\link.54588-cvtres.read.1.tlog
C:\Users\Józek\Desktop\Puzzle_JozefWantochRekowski\Puzzle_JozefWantochRekowski\Puzzle_JozefWantochRekowski\Debug\link.54588-cvtres.write.1.tlog
C:\Users\Józek\Desktop\Puzzle_JozefWantochRekowski\Puzzle_JozefWantochRekowski\Puzzle_JozefWantochRekowski\Debug\link.54588-rc.read.1.tlog
C:\Users\Józek\Desktop\Puzzle_JozefWantochRekowski\Puzzle_JozefWantochRekowski\Puzzle_JozefWantochRekowski\Debug\link.54588-rc.write.1.tlog
C:\Users\Józek\Desktop\Puzzle_JozefWantochRekowski\Puzzle_JozefWantochRekowski\Puzzle_JozefWantochRekowski\Debug\link.54588.read.1.tlog
C:\Users\Józek\Desktop\Puzzle_JozefWantochRekowski\Puzzle_JozefWantochRekowski\Puzzle_JozefWantochRekowski\Debug\link.54588.read.2.tlog
C:\Users\Józek\Desktop\Puzzle_JozefWantochRekowski\Puzzle_JozefWantochRekowski\Puzzle_JozefWantochRekowski\Debug\link.54588.write.1.tlog
C:\Users\Józek\Desktop\Puzzle_JozefWantochRekowski\Puzzle_JozefWantochRekowski\Puzzle_JozefWantochRekowski\Debug\link.56300-cvtres.read.1.tlog
C:\Users\Józek\Desktop\Puzzle_JozefWantochRekowski\Puzzle_JozefWantochRekowski\Puzzle_JozefWantochRekowski\Debug\link.56300-cvtres.write.1.tlog
C:\Users\Józek\Desktop\Puzzle_JozefWantochRekowski\Puzzle_JozefWantochRekowski\Puzzle_JozefWantochRekowski\Debug\link.56300-rc.read.1.tlog
C:\Users\Józek\Desktop\Puzzle_JozefWantochRekowski\Puzzle_JozefWantochRekowski\Puzzle_JozefWantochRekowski\Debug\link.56300-rc.write.1.tlog
C:\Users\Józek\Desktop\Puzzle_JozefWantochRekowski\Puzzle_JozefWantochRekowski\Puzzle_JozefWantochRekowski\Debug\link.56300.read.1.tlog
C:\Users\Józek\Desktop\Puzzle_JozefWantochRekowski\Puzzle_JozefWantochRekowski\Puzzle_JozefWantochRekowski\Debug\link.56300.read.2.tlog
C:\Users\Józek\Desktop\Puzzle_JozefWantochRekowski\Puzzle_JozefWantochRekowski\Puzzle_JozefWantochRekowski\Debug\link.56300.write.1.tlog
C:\Users\Józek\Desktop\Puzzle_JozefWantochRekowski\Puzzle_JozefWantochRekowski\Puzzle_JozefWantochRekowski\Debug\link.56872-cvtres.read.1.tlog
C:\Users\Józek\Desktop\Puzzle_JozefWantochRekowski\Puzzle_JozefWantochRekowski\Puzzle_JozefWantochRekowski\Debug\link.56872-cvtres.write.1.tlog
C:\Users\Józek\Desktop\Puzzle_JozefWantochRekowski\Puzzle_JozefWantochRekowski\Puzzle_JozefWantochRekowski\Debug\link.56872-rc.read.1.tlog
C:\Users\Józek\Desktop\Puzzle_JozefWantochRekowski\Puzzle_JozefWantochRekowski\Puzzle_JozefWantochRekowski\Debug\link.56872-rc.write.1.tlog
C:\Users\Józek\Desktop\Puzzle_JozefWantochRekowski\Puzzle_JozefWantochRekowski\Puzzle_JozefWantochRekowski\Debug\link.56872.read.1.tlog
C:\Users\Józek\Desktop\Puzzle_JozefWantochRekowski\Puzzle_JozefWantochRekowski\Puzzle_JozefWantochRekowski\Debug\link.56872.read.2.tlog
C:\Users\Józek\Desktop\Puzzle_JozefWantochRekowski\Puzzle_JozefWantochRekowski\Puzzle_JozefWantochRekowski\Debug\link.56872.write.1.tlog
C:\Users\Józek\Desktop\Puzzle_JozefWantochRekowski\Puzzle_JozefWantochRekowski\Puzzle_JozefWantochRekowski\Debug\link.56916-cvtres.read.1.tlog
C:\Users\Józek\Desktop\Puzzle_JozefWantochRekowski\Puzzle_JozefWantochRekowski\Puzzle_JozefWantochRekowski\Debug\link.56916-cvtres.write.1.tlog
C:\Users\Józek\Desktop\Puzzle_JozefWantochRekowski\Puzzle_JozefWantochRekowski\Puzzle_JozefWantochRekowski\Debug\link.56916-rc.read.1.tlog
C:\Users\Józek\Desktop\Puzzle_JozefWantochRekowski\Puzzle_JozefWantochRekowski\Puzzle_JozefWantochRekowski\Debug\link.56916-rc.write.1.tlog
C:\Users\Józek\Desktop\Puzzle_JozefWantochRekowski\Puzzle_JozefWantochRekowski\Puzzle_JozefWantochRekowski\Debug\link.56916.read.1.tlog
C:\Users\Józek\Desktop\Puzzle_JozefWantochRekowski\Puzzle_JozefWantochRekowski\Puzzle_JozefWantochRekowski\Debug\link.56916.read.2.tlog
C:\Users\Józek\Desktop\Puzzle_JozefWantochRekowski\Puzzle_JozefWantochRekowski\Puzzle_JozefWantochRekowski\Debug\link.56916.write.1.tlog
C:\Users\Józek\Desktop\Puzzle_JozefWantochRekowski\Puzzle_JozefWantochRekowski\Puzzle_JozefWantochRekowski\Debug\link.56924-cvtres.read.1.tlog
C:\Users\Józek\Desktop\Puzzle_JozefWantochRekowski\Puzzle_JozefWantochRekowski\Puzzle_JozefWantochRekowski\Debug\link.56924-cvtres.write.1.tlog
C:\Users\Józek\Desktop\Puzzle_JozefWantochRekowski\Puzzle_JozefWantochRekowski\Puzzle_JozefWantochRekowski\Debug\link.56924-rc.read.1.tlog
C:\Users\Józek\Desktop\Puzzle_JozefWantochRekowski\Puzzle_JozefWantochRekowski\Puzzle_JozefWantochRekowski\Debug\link.56924-rc.write.1.tlog
C:\Users\Józek\Desktop\Puzzle_JozefWantochRekowski\Puzzle_JozefWantochRekowski\Puzzle_JozefWantochRekowski\Debug\link.56924.read.1.tlog
C:\Users\Józek\Desktop\Puzzle_JozefWantochRekowski\Puzzle_JozefWantochRekowski\Puzzle_JozefWantochRekowski\Debug\link.56924.read.2.tlog
C:\Users\Józek\Desktop\Puzzle_JozefWantochRekowski\Puzzle_JozefWantochRekowski\Puzzle_JozefWantochRekowski\Debug\link.56924.write.1.tlog
C:\Users\Józek\Desktop\Puzzle_JozefWantochRekowski\Puzzle_JozefWantochRekowski\Puzzle_JozefWantochRekowski\Debug\link.57596-cvtres.read.1.tlog
C:\Users\Józek\Desktop\Puzzle_JozefWantochRekowski\Puzzle_JozefWantochRekowski\Puzzle_JozefWantochRekowski\Debug\link.57596-cvtres.write.1.tlog
C:\Users\Józek\Desktop\Puzzle_JozefWantochRekowski\Puzzle_JozefWantochRekowski\Puzzle_JozefWantochRekowski\Debug\link.57596-rc.read.1.tlog
C:\Users\Józek\Desktop\Puzzle_JozefWantochRekowski\Puzzle_JozefWantochRekowski\Puzzle_JozefWantochRekowski\Debug\link.57596-rc.write.1.tlog
C:\Users\Józek\Desktop\Puzzle_JozefWantochRekowski\Puzzle_JozefWantochRekowski\Puzzle_JozefWantochRekowski\Debug\link.57596.read.1.tlog
C:\Users\Józek\Desktop\Puzzle_JozefWantochRekowski\Puzzle_JozefWantochRekowski\Puzzle_JozefWantochRekowski\Debug\link.57596.read.2.tlog
C:\Users\Józek\Desktop\Puzzle_JozefWantochRekowski\Puzzle_JozefWantochRekowski\Puzzle_JozefWantochRekowski\Debug\link.57596.write.1.tlog
C:\Users\Józek\Desktop\Puzzle_JozefWantochRekowski\Puzzle_JozefWantochRekowski\Puzzle_JozefWantochRekowski\Debug\link.57732-cvtres.read.1.tlog
C:\Users\Józek\Desktop\Puzzle_JozefWantochRekowski\Puzzle_JozefWantochRekowski\Puzzle_JozefWantochRekowski\Debug\link.57732-cvtres.write.1.tlog
C:\Users\Józek\Desktop\Puzzle_JozefWantochRekowski\Puzzle_JozefWantochRekowski\Puzzle_JozefWantochRekowski\Debug\link.57732-rc.read.1.tlog
C:\Users\Józek\Desktop\Puzzle_JozefWantochRekowski\Puzzle_JozefWantochRekowski\Puzzle_JozefWantochRekowski\Debug\link.57732-rc.write.1.tlog
C:\Users\Józek\Desktop\Puzzle_JozefWantochRekowski\Puzzle_JozefWantochRekowski\Puzzle_JozefWantochRekowski\Debug\link.57732.read.1.tlog
C:\Users\Józek\Desktop\Puzzle_JozefWantochRekowski\Puzzle_JozefWantochRekowski\Puzzle_JozefWantochRekowski\Debug\link.57732.read.2.tlog
C:\Users\Józek\Desktop\Puzzle_JozefWantochRekowski\Puzzle_JozefWantochRekowski\Puzzle_JozefWantochRekowski\Debug\link.57732.write.1.tlog
C:\Users\Józek\Desktop\Puzzle_JozefWantochRekowski\Puzzle_JozefWantochRekowski\Puzzle_JozefWantochRekowski\Debug\link.57816-cvtres.read.1.tlog
C:\Users\Józek\Desktop\Puzzle_JozefWantochRekowski\Puzzle_JozefWantochRekowski\Puzzle_JozefWantochRekowski\Debug\link.57816-cvtres.write.1.tlog
C:\Users\Józek\Desktop\Puzzle_JozefWantochRekowski\Puzzle_JozefWantochRekowski\Puzzle_JozefWantochRekowski\Debug\link.57816-rc.read.1.tlog
C:\Users\Józek\Desktop\Puzzle_JozefWantochRekowski\Puzzle_JozefWantochRekowski\Puzzle_JozefWantochRekowski\Debug\link.57816-rc.write.1.tlog
C:\Users\Józek\Desktop\Puzzle_JozefWantochRekowski\Puzzle_JozefWantochRekowski\Puzzle_JozefWantochRekowski\Debug\link.57816.read.1.tlog
C:\Users\Józek\Desktop\Puzzle_JozefWantochRekowski\Puzzle_JozefWantochRekowski\Puzzle_JozefWantochRekowski\Debug\link.57816.read.2.tlog
C:\Users\Józek\Desktop\Puzzle_JozefWantochRekowski\Puzzle_JozefWantochRekowski\Puzzle_JozefWantochRekowski\Debug\link.57816.write.1.tlog
C:\Users\Józek\Desktop\Puzzle_JozefWantochRekowski\Puzzle_JozefWantochRekowski\Puzzle_JozefWantochRekowski\Debug\link.61228-cvtres.read.1.tlog
C:\Users\Józek\Desktop\Puzzle_JozefWantochRekowski\Puzzle_JozefWantochRekowski\Puzzle_JozefWantochRekowski\Debug\link.61228-cvtres.write.1.tlog
C:\Users\Józek\Desktop\Puzzle_JozefWantochRekowski\Puzzle_JozefWantochRekowski\Puzzle_JozefWantochRekowski\Debug\link.61228-rc.read.1.tlog
C:\Users\Józek\Desktop\Puzzle_JozefWantochRekowski\Puzzle_JozefWantochRekowski\Puzzle_JozefWantochRekowski\Debug\link.61228-rc.write.1.tlog
C:\Users\Józek\Desktop\Puzzle_JozefWantochRekowski\Puzzle_JozefWantochRekowski\Puzzle_JozefWantochRekowski\Debug\link.61228.read.1.tlog
C:\Users\Józek\Desktop\Puzzle_JozefWantochRekowski\Puzzle_JozefWantochRekowski\Puzzle_JozefWantochRekowski\Debug\link.61228.read.2.tlog
C:\Users\Józek\Desktop\Puzzle_JozefWantochRekowski\Puzzle_JozefWantochRekowski\Puzzle_JozefWantochRekowski\Debug\link.61228.write.1.tlog
C:\Users\Józek\Desktop\Puzzle_JozefWantochRekowski\Puzzle_JozefWantochRekowski\Puzzle_JozefWantochRekowski\Debug\link.62208-cvtres.read.1.tlog
C:\Users\Józek\Desktop\Puzzle_JozefWantochRekowski\Puzzle_JozefWantochRekowski\Puzzle_JozefWantochRekowski\Debug\link.62208-cvtres.write.1.tlog
C:\Users\Józek\Desktop\Puzzle_JozefWantochRekowski\Puzzle_JozefWantochRekowski\Puzzle_JozefWantochRekowski\Debug\link.62208-rc.read.1.tlog
C:\Users\Józek\Desktop\Puzzle_JozefWantochRekowski\Puzzle_JozefWantochRekowski\Puzzle_JozefWantochRekowski\Debug\link.62208-rc.write.1.tlog
C:\Users\Józek\Desktop\Puzzle_JozefWantochRekowski\Puzzle_JozefWantochRekowski\Puzzle_JozefWantochRekowski\Debug\link.62208.read.1.tlog
C:\Users\Józek\Desktop\Puzzle_JozefWantochRekowski\Puzzle_JozefWantochRekowski\Puzzle_JozefWantochRekowski\Debug\link.62208.read.2.tlog
C:\Users\Józek\Desktop\Puzzle_JozefWantochRekowski\Puzzle_JozefWantochRekowski\Puzzle_JozefWantochRekowski\Debug\link.62208.write.1.tlog
C:\Users\Józek\Desktop\Puzzle_JozefWantochRekowski\Puzzle_JozefWantochRekowski\Puzzle_JozefWantochRekowski\Debug\link.62412-cvtres.read.1.tlog
C:\Users\Józek\Desktop\Puzzle_JozefWantochRekowski\Puzzle_JozefWantochRekowski\Puzzle_JozefWantochRekowski\Debug\link.62412-cvtres.write.1.tlog
C:\Users\Józek\Desktop\Puzzle_JozefWantochRekowski\Puzzle_JozefWantochRekowski\Puzzle_JozefWantochRekowski\Debug\link.62412-rc.read.1.tlog
C:\Users\Józek\Desktop\Puzzle_JozefWantochRekowski\Puzzle_JozefWantochRekowski\Puzzle_JozefWantochRekowski\Debug\link.62412-rc.write.1.tlog
C:\Users\Józek\Desktop\Puzzle_JozefWantochRekowski\Puzzle_JozefWantochRekowski\Puzzle_JozefWantochRekowski\Debug\link.62412.read.1.tlog
C:\Users\Józek\Desktop\Puzzle_JozefWantochRekowski\Puzzle_JozefWantochRekowski\Puzzle_JozefWantochRekowski\Debug\link.62412.read.2.tlog
C:\Users\Józek\Desktop\Puzzle_JozefWantochRekowski\Puzzle_JozefWantochRekowski\Puzzle_JozefWantochRekowski\Debug\link.62412.write.1.tlog
C:\Users\Józek\Desktop\Puzzle_JozefWantochRekowski\Puzzle_JozefWantochRekowski\Puzzle_JozefWantochRekowski\Debug\link.command.1.tlog
C:\Users\Józek\Desktop\Puzzle_JozefWantochRekowski\Puzzle_JozefWantochRekowski\Puzzle_JozefWantochRekowski\Debug\link.read.1.tlog
C:\Users\Józek\Desktop\Puzzle_JozefWantochRekowski\Puzzle_JozefWantochRekowski\Puzzle_JozefWantochRekowski\Debug\link.write.1.tlog
C:\Users\Józek\Desktop\Puzzle_JozefWantochRekowski\Puzzle_JozefWantochRekowski\Puzzle_JozefWantochRekowski\Debug\metagen.read.1.tlog
C:\Users\Józek\Desktop\Puzzle_JozefWantochRekowski\Puzzle_JozefWantochRekowski\Puzzle_JozefWantochRekowski\Debug\metagen.write.1.tlog
C:\Users\Józek\Desktop\Puzzle_JozefWantochRekowski\Puzzle_JozefWantochRekowski\Puzzle_JozefWantochRekowski\Debug\Puzzle_JozefWantochRekowski.write.1.tlog
C:\Users\Józek\Desktop\Puzzle_JozefWantochRekowski\Puzzle_JozefWantochRekowski\Puzzle_JozefWantochRekowski\Debug\vc110.pdb
C:\Users\Józek\Desktop\Puzzle_JozefWantochRekowski\Puzzle_JozefWantochRekowski\Puzzle_JozefWantochRekowski\Debug\TZRES.DLL.bi
C:\Users\Józek\Desktop\Puzzle_JozefWantochRekowski\Puzzle_JozefWantochRekowski\Debug\Puzzle_JozefWantochRekowski.pdb
C:\Users\Józek\Desktop\Puzzle_JozefWantochRekowski\Puzzle_JozefWantochRekowski\Debug\Puzzle_JozefWantochRekowski.exe
